2025-08-16 00:14:37 [wxauto] [DEBUG] [wx.py:31]  开始监听
2025-08-16 00:16:56 [wxauto] [DEBUG] [wx.py:31]  开始监听
2025-08-16 00:19:31 [wxauto] [DEBUG] [wx.py:31]  开始监听
2025-08-16 00:19:57 [wxauto] [DEBUG] [wx.py:31]  开始监听
2025-08-16 00:20:15 [wxauto] [DEBUG] [wx.py:31]  开始监听
2025-08-16 00:22:25 [wxauto] [DEBUG] [wx.py:31]  开始监听
2025-08-16 00:22:41 [wxauto] [DEBUG] [wx.py:31]  开始监听
2025-08-16 00:25:32 [wxauto] [DEBUG] [wx.py:31]  开始监听
2025-08-16 00:25:33 [wxauto] [DEBUG] [msg.py:79]  content: 你好, length: 8
2025-08-16 00:25:33 [wxauto] [DEBUG] [msg.py:79]  content: 你好, length: 8
2025-08-16 00:25:33 [wxauto] [DEBUG] [msg.py:79]  content: 你好, length: 8
2025-08-16 00:25:33 [wxauto] [DEBUG] [msg.py:79]  content: 你好, length: 8
2025-08-16 00:25:33 [wxauto] [DEBUG] [msg.py:79]  content: 你好, length: 8
2025-08-16 00:25:33 [wxauto] [DEBUG] [msg.py:79]  content: 你好, length: 8
2025-08-16 00:25:33 [wxauto] [DEBUG] [msg.py:79]  content: 你好, length: 8
2025-08-16 00:25:33 [wxauto] [DEBUG] [msg.py:79]  content: 你好, length: 8
2025-08-16 00:25:33 [wxauto] [DEBUG] [msg.py:79]  content: 你好, length: 8
2025-08-16 00:25:33 [wxauto] [DEBUG] [msg.py:79]  content: 你好, length: 8
2025-08-16 00:25:33 [wxauto] [DEBUG] [msg.py:79]  content: 你好, length: 8
2025-08-16 00:25:33 [wxauto] [DEBUG] [msg.py:79]  content: 你好, length: 8
2025-08-16 00:25:33 [wxauto] [DEBUG] [msg.py:79]  content: 你好, length: 8
2025-08-16 00:25:36 [wxauto] [DEBUG] [msg.py:79]  content: .\wechat-dump-rs.exe -a, length: 8
2025-08-16 00:25:36 [wxauto] [DEBUG] [msg.py:79]  content: [动画表情], length: 10
2025-08-16 00:25:36 [wxauto] [DEBUG] [msg.py:79]  content: 这是通过wxauto发给你的消息！, length: 8
2025-08-16 00:25:36 [wxauto] [DEBUG] [msg.py:79]  content: 这是通过wxauto发给你的消息！, length: 8
2025-08-16 00:28:38 [wxauto] [DEBUG] [wx.py:31]  开始监听
2025-08-16 00:28:39 [wxauto] [DEBUG] [msg.py:79]  content: 你好, length: 8
2025-08-16 00:28:39 [wxauto] [DEBUG] [msg.py:79]  content: 你好, length: 8
2025-08-16 00:28:39 [wxauto] [DEBUG] [msg.py:79]  content: 你好, length: 8
2025-08-16 00:28:39 [wxauto] [DEBUG] [msg.py:79]  content: 你好, length: 8
2025-08-16 00:28:39 [wxauto] [DEBUG] [msg.py:79]  content: 你好, length: 8
2025-08-16 00:28:39 [wxauto] [DEBUG] [msg.py:79]  content: 你好, length: 8
2025-08-16 00:28:39 [wxauto] [DEBUG] [msg.py:79]  content: 你好, length: 8
2025-08-16 00:28:39 [wxauto] [DEBUG] [msg.py:79]  content: 你好, length: 8
2025-08-16 00:28:39 [wxauto] [DEBUG] [msg.py:79]  content: 你好, length: 8
2025-08-16 00:28:39 [wxauto] [DEBUG] [msg.py:79]  content: 你好, length: 8
2025-08-16 00:28:39 [wxauto] [DEBUG] [msg.py:79]  content: 你好, length: 8
2025-08-16 00:28:39 [wxauto] [DEBUG] [msg.py:79]  content: 你好, length: 8
2025-08-16 00:28:39 [wxauto] [DEBUG] [msg.py:79]  content: 你好, length: 8
2025-08-16 00:28:42 [wxauto] [DEBUG] [msg.py:79]  content: .\wechat-dump-rs.exe -a, length: 8
2025-08-16 00:28:42 [wxauto] [DEBUG] [msg.py:79]  content: [动画表情], length: 10
2025-08-16 00:28:42 [wxauto] [DEBUG] [msg.py:79]  content: 这是通过wxauto发给你的消息！, length: 8
2025-08-16 00:28:42 [wxauto] [DEBUG] [msg.py:79]  content: 这是通过wxauto发给你的消息！, length: 8
2025-08-16 00:38:36 [wxauto] [DEBUG] [wx.py:31]  开始监听
2025-08-16 00:38:37 [wxauto] [DEBUG] [msg.py:79]  content: 你好, length: 8
2025-08-16 00:38:37 [wxauto] [DEBUG] [msg.py:79]  content: 你好, length: 8
2025-08-16 00:38:37 [wxauto] [DEBUG] [msg.py:79]  content: 你好, length: 8
2025-08-16 00:38:37 [wxauto] [DEBUG] [msg.py:79]  content: 你好, length: 8
2025-08-16 00:38:37 [wxauto] [DEBUG] [msg.py:79]  content: 你好, length: 8
2025-08-16 00:38:37 [wxauto] [DEBUG] [msg.py:79]  content: 你好, length: 8
2025-08-16 00:38:37 [wxauto] [DEBUG] [msg.py:79]  content: 你好, length: 8
2025-08-16 00:38:37 [wxauto] [DEBUG] [msg.py:79]  content: 你好, length: 8
2025-08-16 00:38:37 [wxauto] [DEBUG] [msg.py:79]  content: 你好, length: 8
2025-08-16 00:38:37 [wxauto] [DEBUG] [msg.py:79]  content: 你好, length: 8
2025-08-16 00:38:37 [wxauto] [DEBUG] [msg.py:79]  content: 你好, length: 8
2025-08-16 00:38:37 [wxauto] [DEBUG] [msg.py:79]  content: 你好, length: 8
2025-08-16 00:38:37 [wxauto] [DEBUG] [msg.py:79]  content: 你好, length: 8
2025-08-16 00:38:40 [wxauto] [DEBUG] [msg.py:79]  content: .\wechat-dump-rs.exe -a, length: 8
2025-08-16 00:38:40 [wxauto] [DEBUG] [msg.py:79]  content: [动画表情], length: 10
2025-08-16 00:38:40 [wxauto] [DEBUG] [msg.py:79]  content: 这是通过wxauto发给你的消息！, length: 8
2025-08-16 00:38:40 [wxauto] [DEBUG] [msg.py:79]  content: 这是通过wxauto发给你的消息！, length: 8
2025-08-16 00:39:03 [wxauto] [DEBUG] [wx.py:31]  开始监听
2025-08-16 00:39:04 [wxauto] [DEBUG] [msg.py:79]  content: 你好, length: 8
2025-08-16 00:39:04 [wxauto] [DEBUG] [msg.py:79]  content: 你好, length: 8
2025-08-16 00:39:04 [wxauto] [DEBUG] [msg.py:79]  content: 你好, length: 8
2025-08-16 00:39:04 [wxauto] [DEBUG] [msg.py:79]  content: 你好, length: 8
2025-08-16 00:39:05 [wxauto] [DEBUG] [msg.py:79]  content: 你好, length: 8
2025-08-16 00:39:05 [wxauto] [DEBUG] [msg.py:79]  content: 你好, length: 8
2025-08-16 00:39:05 [wxauto] [DEBUG] [msg.py:79]  content: 你好, length: 8
2025-08-16 00:39:05 [wxauto] [DEBUG] [msg.py:79]  content: 你好, length: 8
2025-08-16 00:39:05 [wxauto] [DEBUG] [msg.py:79]  content: 你好, length: 8
2025-08-16 00:39:05 [wxauto] [DEBUG] [msg.py:79]  content: 你好, length: 8
2025-08-16 00:39:05 [wxauto] [DEBUG] [msg.py:79]  content: 你好, length: 8
2025-08-16 00:39:05 [wxauto] [DEBUG] [msg.py:79]  content: 你好, length: 8
2025-08-16 00:39:05 [wxauto] [DEBUG] [msg.py:79]  content: 你好, length: 8
2025-08-16 00:39:07 [wxauto] [DEBUG] [msg.py:79]  content: .\wechat-dump-rs.exe -a, length: 8
2025-08-16 00:39:07 [wxauto] [DEBUG] [msg.py:79]  content: [动画表情], length: 10
2025-08-16 00:39:07 [wxauto] [DEBUG] [msg.py:79]  content: 这是通过wxauto发给你的消息！, length: 8
2025-08-16 00:39:07 [wxauto] [DEBUG] [msg.py:79]  content: 这是通过wxauto发给你的消息！, length: 8
2025-08-16 00:39:25 [wxauto] [DEBUG] [wx.py:31]  开始监听
2025-08-16 00:39:26 [wxauto] [DEBUG] [msg.py:79]  content: 你好, length: 8
2025-08-16 00:39:26 [wxauto] [DEBUG] [msg.py:79]  content: 你好, length: 8
2025-08-16 00:39:26 [wxauto] [DEBUG] [msg.py:79]  content: 你好, length: 8
2025-08-16 00:39:26 [wxauto] [DEBUG] [msg.py:79]  content: 你好, length: 8
2025-08-16 00:39:26 [wxauto] [DEBUG] [msg.py:79]  content: 你好, length: 8
2025-08-16 00:39:26 [wxauto] [DEBUG] [msg.py:79]  content: 你好, length: 8
2025-08-16 00:39:26 [wxauto] [DEBUG] [msg.py:79]  content: 你好, length: 8
2025-08-16 00:39:26 [wxauto] [DEBUG] [msg.py:79]  content: 你好, length: 8
2025-08-16 00:39:26 [wxauto] [DEBUG] [msg.py:79]  content: 你好, length: 8
2025-08-16 00:39:26 [wxauto] [DEBUG] [msg.py:79]  content: 你好, length: 8
2025-08-16 00:39:26 [wxauto] [DEBUG] [msg.py:79]  content: 你好, length: 8
2025-08-16 00:39:26 [wxauto] [DEBUG] [msg.py:79]  content: 你好, length: 8
2025-08-16 00:39:26 [wxauto] [DEBUG] [msg.py:79]  content: 你好, length: 8
2025-08-16 00:39:29 [wxauto] [DEBUG] [msg.py:79]  content: .\wechat-dump-rs.exe -a, length: 8
2025-08-16 00:39:29 [wxauto] [DEBUG] [msg.py:79]  content: [动画表情], length: 10
2025-08-16 00:39:29 [wxauto] [DEBUG] [msg.py:79]  content: 这是通过wxauto发给你的消息！, length: 8
2025-08-16 00:39:29 [wxauto] [DEBUG] [msg.py:79]  content: 这是通过wxauto发给你的消息！, length: 8
2025-08-16 00:41:06 [wxauto] [DEBUG] [wx.py:31]  开始监听
2025-08-16 00:41:07 [wxauto] [DEBUG] [msg.py:79]  content: 你好, length: 8
2025-08-16 00:41:07 [wxauto] [DEBUG] [msg.py:79]  content: 你好, length: 8
2025-08-16 00:41:07 [wxauto] [DEBUG] [msg.py:79]  content: 你好, length: 8
2025-08-16 00:41:07 [wxauto] [DEBUG] [msg.py:79]  content: 你好, length: 8
2025-08-16 00:41:07 [wxauto] [DEBUG] [msg.py:79]  content: 你好, length: 8
2025-08-16 00:41:07 [wxauto] [DEBUG] [msg.py:79]  content: 你好, length: 8
2025-08-16 00:41:07 [wxauto] [DEBUG] [msg.py:79]  content: 你好, length: 8
2025-08-16 00:41:07 [wxauto] [DEBUG] [msg.py:79]  content: 你好, length: 8
2025-08-16 00:41:07 [wxauto] [DEBUG] [msg.py:79]  content: 你好, length: 8
2025-08-16 00:41:07 [wxauto] [DEBUG] [msg.py:79]  content: 你好, length: 8
2025-08-16 00:41:07 [wxauto] [DEBUG] [msg.py:79]  content: 你好, length: 8
2025-08-16 00:41:07 [wxauto] [DEBUG] [msg.py:79]  content: 你好, length: 8
2025-08-16 00:41:07 [wxauto] [DEBUG] [msg.py:79]  content: 你好, length: 8
2025-08-16 00:41:10 [wxauto] [DEBUG] [msg.py:79]  content: .\wechat-dump-rs.exe -a, length: 8
2025-08-16 00:41:10 [wxauto] [DEBUG] [msg.py:79]  content: [动画表情], length: 10
2025-08-16 00:41:10 [wxauto] [DEBUG] [msg.py:79]  content: 这是通过wxauto发给你的消息！, length: 8
2025-08-16 00:41:10 [wxauto] [DEBUG] [msg.py:79]  content: 这是通过wxauto发给你的消息！, length: 8
2025-08-16 00:42:35 [wxauto] [DEBUG] [wx.py:31]  开始监听
2025-08-16 00:42:36 [wxauto] [DEBUG] [msg.py:79]  content: 你好, length: 8
2025-08-16 00:42:36 [wxauto] [DEBUG] [msg.py:79]  content: 你好, length: 8
2025-08-16 00:42:36 [wxauto] [DEBUG] [msg.py:79]  content: 你好, length: 8
2025-08-16 00:42:36 [wxauto] [DEBUG] [msg.py:79]  content: 你好, length: 8
2025-08-16 00:42:36 [wxauto] [DEBUG] [msg.py:79]  content: 你好, length: 8
2025-08-16 00:42:37 [wxauto] [DEBUG] [msg.py:79]  content: 你好, length: 8
2025-08-16 00:42:37 [wxauto] [DEBUG] [msg.py:79]  content: 你好, length: 8
2025-08-16 00:42:37 [wxauto] [DEBUG] [msg.py:79]  content: 你好, length: 8
2025-08-16 00:42:37 [wxauto] [DEBUG] [msg.py:79]  content: 你好, length: 8
2025-08-16 00:42:37 [wxauto] [DEBUG] [msg.py:79]  content: 你好, length: 8
2025-08-16 00:42:37 [wxauto] [DEBUG] [msg.py:79]  content: 你好, length: 8
2025-08-16 00:42:37 [wxauto] [DEBUG] [msg.py:79]  content: 你好, length: 8
2025-08-16 00:42:37 [wxauto] [DEBUG] [msg.py:79]  content: 你好, length: 8
2025-08-16 00:42:39 [wxauto] [DEBUG] [msg.py:79]  content: .\wechat-dump-rs.exe -a, length: 8
2025-08-16 00:42:39 [wxauto] [DEBUG] [msg.py:79]  content: [动画表情], length: 10
2025-08-16 00:42:39 [wxauto] [DEBUG] [msg.py:79]  content: 这是通过wxauto发给你的消息！, length: 8
2025-08-16 00:42:39 [wxauto] [DEBUG] [msg.py:79]  content: 这是通过wxauto发给你的消息！, length: 8
2025-08-16 00:44:39 [wxauto] [DEBUG] [wx.py:31]  开始监听
2025-08-16 00:44:40 [wxauto] [DEBUG] [msg.py:79]  content: 你好, length: 8
2025-08-16 00:44:40 [wxauto] [DEBUG] [msg.py:79]  content: 你好, length: 8
2025-08-16 00:44:40 [wxauto] [DEBUG] [msg.py:79]  content: 你好, length: 8
2025-08-16 00:44:40 [wxauto] [DEBUG] [msg.py:79]  content: 你好, length: 8
2025-08-16 00:44:40 [wxauto] [DEBUG] [msg.py:79]  content: 你好, length: 8
2025-08-16 00:44:40 [wxauto] [DEBUG] [msg.py:79]  content: 你好, length: 8
2025-08-16 00:44:40 [wxauto] [DEBUG] [msg.py:79]  content: 你好, length: 8
2025-08-16 00:44:40 [wxauto] [DEBUG] [msg.py:79]  content: 你好, length: 8
2025-08-16 00:44:40 [wxauto] [DEBUG] [msg.py:79]  content: 你好, length: 8
2025-08-16 00:44:40 [wxauto] [DEBUG] [msg.py:79]  content: 你好, length: 8
2025-08-16 00:44:40 [wxauto] [DEBUG] [msg.py:79]  content: 你好, length: 8
2025-08-16 00:44:40 [wxauto] [DEBUG] [msg.py:79]  content: 你好, length: 8
2025-08-16 00:44:40 [wxauto] [DEBUG] [msg.py:79]  content: 你好, length: 8
2025-08-16 00:45:16 [wxauto] [DEBUG] [wx.py:31]  开始监听
2025-08-16 00:45:17 [wxauto] [DEBUG] [msg.py:79]  content: 你好, length: 8
2025-08-16 00:45:17 [wxauto] [DEBUG] [msg.py:79]  content: 你好, length: 8
2025-08-16 00:45:17 [wxauto] [DEBUG] [msg.py:79]  content: 你好, length: 8
2025-08-16 00:45:17 [wxauto] [DEBUG] [msg.py:79]  content: 你好, length: 8
2025-08-16 00:45:17 [wxauto] [DEBUG] [msg.py:79]  content: 你好, length: 8
2025-08-16 00:45:17 [wxauto] [DEBUG] [msg.py:79]  content: 你好, length: 8
2025-08-16 00:45:17 [wxauto] [DEBUG] [msg.py:79]  content: 你好, length: 8
2025-08-16 00:45:17 [wxauto] [DEBUG] [msg.py:79]  content: 你好, length: 8
2025-08-16 00:45:17 [wxauto] [DEBUG] [msg.py:79]  content: 你好, length: 8
2025-08-16 00:45:17 [wxauto] [DEBUG] [msg.py:79]  content: 你好, length: 8
2025-08-16 00:45:17 [wxauto] [DEBUG] [msg.py:79]  content: 你好, length: 8
2025-08-16 00:45:17 [wxauto] [DEBUG] [msg.py:79]  content: 你好, length: 8
2025-08-16 00:45:18 [wxauto] [DEBUG] [msg.py:79]  content: 你好, length: 8
2025-08-16 00:45:18 [wxauto] [DEBUG] [msg.py:79]  content: .\wechat-dump-rs.exe -a, length: 8
2025-08-16 00:45:18 [wxauto] [DEBUG] [msg.py:79]  content: [动画表情], length: 10
2025-08-16 00:45:18 [wxauto] [DEBUG] [msg.py:79]  content: 这是通过wxauto发给你的消息！, length: 8
2025-08-16 00:45:18 [wxauto] [DEBUG] [msg.py:79]  content: 这是通过wxauto发给你的消息！, length: 8
2025-08-16 01:23:39 [wxauto] [DEBUG] [wx.py:31]  开始监听
2025-08-16 01:23:41 [wxauto] [DEBUG] [msg.py:79]  content: 老哥，为什么python跨层级的包就是导不进去啊[苦涩], length: 8
2025-08-16 01:23:41 [wxauto] [DEBUG] [msg.py:79]  content: .\wechat-dump-rs.exe -a, length: 8
2025-08-16 01:23:41 [wxauto] [DEBUG] [msg.py:79]  content: [动画表情], length: 10
2025-08-16 01:23:41 [wxauto] [DEBUG] [msg.py:79]  content: 这是通过wxauto发给你的消息！, length: 8
2025-08-16 01:23:41 [wxauto] [DEBUG] [msg.py:79]  content: 这是通过wxauto发给你的消息！, length: 8
